<?xml version="1.0" encoding="UTF-8"?>
<!-- Generated by org.testng.reporters.JUnitXMLReporter -->
<testsuite ignored="0" hostname="win2019" failures="0" tests="3" name="Default test" time="45.785" errors="0" timestamp="2024-08-20T01:32:54 PDT">
  <testcase classname="com.LaunchBrowser.ChromeBrowser" name="EdgeLaunch" time="19.03"/>
  <testcase classname="com.LaunchBrowser.ChromeBrowser" name="ChromeBrowserLaunch" time="11.173"/>
  <testcase classname="com.LaunchBrowser.ChromeBrowser" name="FirefoxBrowserLaunch" time="15.442"/>
</testsuite> <!-- Default test -->
