<?xml version="1.0" encoding="UTF-8"?>
<testng-results ignored="0" total="3" passed="3" failed="0" skipped="0">
  <reporter-output>
  </reporter-output>
  <suite started-at="2024-08-20T01:32:08 PDT" name="Default suite" finished-at="2024-08-20T01:32:53 PDT" duration-ms="45785">
    <groups>
    </groups>
    <test started-at="2024-08-20T01:32:08 PDT" name="Default test" finished-at="2024-08-20T01:32:53 PDT" duration-ms="45785">
      <class name="com.LaunchBrowser.ChromeBrowser">
        <test-method signature="EdgeLaunch()[pri:0, instance:com.LaunchBrowser.ChromeBrowser@47d9a273]" started-at="2024-08-20T01:32:08 PDT" name="EdgeLaunch" finished-at="2024-08-20T01:32:27 PDT" duration-ms="19030" status="PASS">
          <reporter-output>
          </reporter-output>
        </test-method> <!-- EdgeLaunch -->
        <test-method signature="ChromeBrowserLaunch()[pri:1, instance:com.LaunchBrowser.ChromeBrowser@47d9a273]" started-at="2024-08-20T01:32:27 PDT" name="ChromeBrowserLaunch" finished-at="2024-08-20T01:32:38 PDT" duration-ms="11173" status="PASS">
          <reporter-output>
          </reporter-output>
        </test-method> <!-- ChromeBrowserLaunch -->
        <test-method signature="FirefoxBrowserLaunch()[pri:2, instance:com.LaunchBrowser.ChromeBrowser@47d9a273]" started-at="2024-08-20T01:32:38 PDT" name="FirefoxBrowserLaunch" finished-at="2024-08-20T01:32:53 PDT" duration-ms="15442" status="PASS">
          <reporter-output>
          </reporter-output>
        </test-method> <!-- FirefoxBrowserLaunch -->
      </class> <!-- com.LaunchBrowser.ChromeBrowser -->
    </test> <!-- Default test -->
  </suite> <!-- Default suite -->
</testng-results>
